<?xml version="1.0" encoding="UTF-8"?>
<testsuite xmlns:xsi="http://www.w3.org/2001/XMLSchema-instance" xsi:noNamespaceSchemaLocation="https://maven.apache.org/surefire/maven-surefire-plugin/xsd/surefire-test-report-3.0.xsd" version="3.0" name="com.clt.usecase.AddExpenseUseCaseTest" time="1.742" tests="5" errors="0" skipped="0" failures="0">
  <properties>
[...]
</properties>
  <testcase name="test_create_and_store_new_expense" classname="com.clt.usecase.AddExpenseUseCaseTest" time="1.694"/>
  <testcase name="invalid_owner_test" classname="com.clt.usecase.AddExpenseUseCaseTest" time="0.016"/>
  <testcase name="notify_expense_creation_on_store" classname="com.clt.usecase.AddExpenseUseCaseTest" time="0.005"/>
  <testcase name="not_notify_on_expense_store_failure" classname="com.clt.usecase.AddExpenseUseCaseTest" time="0.006"/>
  <testcase name="invalid_group_test" classname="com.clt.usecase.AddExpenseUseCaseTest" time="0.004"/>
</testsuite>