<?xml version="1.0" encoding="UTF-8"?>
<testsuite xmlns:xsi="http://www.w3.org/2001/XMLSchema-instance" xsi:noNamespaceSchemaLocation="https://maven.apache.org/surefire/maven-surefire-plugin/xsd/surefire-test-report-3.0.xsd" version="3.0" name="com.clt.expenses.domain.group.PersonStoreImplTest" time="0.105" tests="2" errors="0" skipped="0" failures="0">
  <properties>
[...]
</properties>
  <testcase name="store_person_test" classname="com.clt.expenses.domain.group.PersonStoreImplTest" time="0.069"/>
  <testcase name="retrieve_person_test" classname="com.clt.expenses.domain.group.PersonStoreImplTest" time="0.023"/>
</testsuite>